<?xml version="1.0" encoding="UTF-8"?>
<!-- Generated by org.testng.reporters.JUnitXMLReporter -->
<testsuite hostname="LAPTOP-LF1A2HGL" ignored="2" name="orangeHRMlogin" tests="2" failures="0" timestamp="2022-04-03T11:48:46 IST" time="16.657" errors="0">
  <testcase name="LaunchApp" time="10.329" classname="TESTS.OrangeHrm"/>
  <testcase name="EnterLoginDetails" time="6.265" classname="TESTS.OrangeHrm"/>
  <testcase name="NavigateToMyInfo" time="0.0" classname="TESTS.OrangeHrm">
    <ignored/>
  </testcase> <!-- NavigateToMyInfo -->
  <testcase name="VerifyMyInfo" time="0.0" classname="TESTS.OrangeHrm">
    <ignored/>
  </testcase> <!-- VerifyMyInfo -->
</testsuite> <!-- orangeHRMlogin -->
