<?xml version="1.0" encoding="UTF-8"?>
<testng-results skipped="0" failed="0" ignored="1" total="7" passed="6">
  <reporter-output>
  </reporter-output>
  <suite name="Booking Suite" duration-ms="103" started-at="2022-05-25T10:53:44 IST" finished-at="2022-05-25T10:53:44 IST">
    <groups>
    </groups>
    <test name="CreateBookingTest-- Apply discount-pay@Hotel" duration-ms="103" started-at="2022-05-25T10:53:44 IST" finished-at="2022-05-25T10:53:44 IST">
      <class name="TestCases.BookingSearch">
        <test-method status="PASS" signature="searchHotel()[pri:0, instance:TestCases.BookingSearch@7a0ac6e3]" name="searchHotel" duration-ms="9" started-at="2022-05-25T10:53:44 IST" finished-at="2022-05-25T10:53:44 IST">
          <reporter-output>
          </reporter-output>
        </test-method> <!-- searchHotel -->
        <test-method status="PASS" signature="selectHotel()[pri:0, instance:TestCases.BookingSearch@7a0ac6e3]" name="selectHotel" duration-ms="0" started-at="2022-05-25T10:53:44 IST" finished-at="2022-05-25T10:53:44 IST">
          <reporter-output>
          </reporter-output>
        </test-method> <!-- selectHotel -->
        <test-method status="PASS" signature="entetGuestInfo()[pri:0, instance:TestCases.BookingSearch@7a0ac6e3]" name="entetGuestInfo" duration-ms="0" started-at="2022-05-25T10:53:44 IST" finished-at="2022-05-25T10:53:44 IST">
          <reporter-output>
          </reporter-output>
        </test-method> <!-- entetGuestInfo -->
      </class> <!-- TestCases.BookingSearch -->
      <class name="TestCases.CustomerCommunications">
        <test-method status="PASS" signature="checkEmail(org.testng.ITestContext)[pri:0, instance:TestCases.CustomerCommunications@2f7a2457]" name="checkEmail" duration-ms="0" started-at="2022-05-25T10:53:44 IST" finished-at="2022-05-25T10:53:44 IST">
          <params>
            <param index="0">
              <value>
                <![CDATA[org.testng.TestRunner@3fee9989]]>
              </value>
            </param>
          </params>
          <reporter-output>
          </reporter-output>
        </test-method> <!-- checkEmail -->
      </class> <!-- TestCases.CustomerCommunications -->
      <class name="TestCases.PaymentManager">
        <test-method status="PASS" signature="applyDiscount()[pri:0, instance:TestCases.PaymentManager@edf4efb]" name="applyDiscount" duration-ms="0" started-at="2022-05-25T10:53:44 IST" finished-at="2022-05-25T10:53:44 IST">
          <reporter-output>
          </reporter-output>
        </test-method> <!-- applyDiscount -->
        <test-method status="PASS" signature="makePayment(java.lang.String,org.testng.ITestContext)[pri:0, instance:TestCases.PaymentManager@edf4efb]" name="makePayment" duration-ms="1" started-at="2022-05-25T10:53:44 IST" finished-at="2022-05-25T10:53:44 IST">
          <params>
            <param index="0">
              <value>
                <![CDATA[pay@Hotel]]>
              </value>
            </param>
            <param index="1">
              <value>
                <![CDATA[org.testng.TestRunner@3fee9989]]>
              </value>
            </param>
          </params>
          <reporter-output>
          </reporter-output>
        </test-method> <!-- makePayment -->
      </class> <!-- TestCases.PaymentManager -->
    </test> <!-- CreateBookingTest- Apply discount-pay@Hotel -->
  </suite> <!-- Booking Suite -->
</testng-results>
