<?xml version="1.0" encoding="UTF-8"?>
<!-- Generated by org.testng.reporters.JUnitXMLReporter -->
<testsuite hostname="LAPTOP-LF1A2HGL" ignored="3" tests="0" failures="0" timestamp="2022-04-08T12:19:33 IST" time="3.301" errors="0">
  <testcase name="TestGoogle" time="0.0" classname="screenshots.Testclass">
    <ignored/>
  </testcase> <!-- TestGoogle -->
  <testcase name="Testfacebook" time="0.0" classname="screenshots.Testclass">
    <ignored/>
  </testcase> <!-- Testfacebook -->
  <testcase name="TestOrangehrm" time="0.0" classname="screenshots.Testclass">
    <ignored/>
  </testcase> <!-- TestOrangehrm -->
</testsuite>
