<?xml version="1.0" encoding="UTF-8"?>
<!-- Generated by org.testng.reporters.JUnitXMLReporter -->
<testsuite hostname="LAPTOP-LF1A2HGL" ignored="2" name="Test3" tests="1" failures="0" timestamp="2022-04-08T12:19:40 IST" time="5.239" errors="0">
  <testcase name="Testfacebook" time="3.091" classname="screenshots.Testclass"/>
  <testcase name="TestGoogle" time="0.0" classname="screenshots.Testclass">
    <ignored/>
  </testcase> <!-- TestGoogle -->
  <testcase name="TestOrangehrm" time="0.0" classname="screenshots.Testclass">
    <ignored/>
  </testcase> <!-- TestOrangehrm -->
</testsuite> <!-- Test3 -->
