<?xml version="1.0" encoding="UTF-8"?>
<!-- Generated by org.testng.reporters.JUnitXMLReporter -->
<testsuite hostname="LAPTOP-LF1A2HGL" ignored="0" name="Test1" tests="8" failures="0" timestamp="2022-04-05T10:30:37 IST" time="0.167" errors="0">
  <testcase name="test1" time="0.021" classname="TESTS.Groups.TestGroupDependencies"/>
  <testcase name="test2" time="0.004" classname="TESTS.Groups.TestGroupDependencies"/>
  <testcase name="test3" time="0.003" classname="TESTS.Groups.TestGroupDependencies"/>
  <testcase name="test4" time="0.001" classname="TESTS.Groups.TestGroupDependencies"/>
  <testcase name="test5" time="0.004" classname="TESTS.Groups.TestGroupDependencies"/>
  <testcase name="test0" time="0.004" classname="TESTS.Groups.TestGroupDependencies"/>
  <testcase name="test6" time="0.004" classname="TESTS.Groups.TestGroupDependencies"/>
  <testcase name="test7" time="0.002" classname="TESTS.Groups.TestGroupDependencies"/>
</testsuite> <!-- Test1 -->
