<?xml version="1.0" encoding="UTF-8"?>
<!-- Generated by org.testng.reporters.JUnitXMLReporter -->
<testsuite hostname="LAPTOP-LF1A2HGL" ignored="0" name="Login Test" tests="1" failures="0" timestamp="2022-04-21T10:13:30 IST" time="0.067" errors="0">
  <testcase name="@BeforeMethod initialise" time="0.006" classname="TESTCASES.LoginTest">
    <failure type="java.lang.Error" message="Unresolved compilation problem: 
	ExtentManager cannot be resolved
">
      <![CDATA[java.lang.Error: Unresolved compilation problem: 
ExtentManager cannot be resolved

at TESTCASES.LoginTest.initialise(LoginTest.java:21)
at java.util.ArrayList.forEach(ArrayList.java:1257)
... Removed 31 stack frames]]>
    </failure>
  </testcase> <!-- @BeforeMethod initialise -->
  <testcase name="@AfterMethod quit" time="-1.650516210919E9" classname="TESTCASES.LoginTest">
    <skipped/>
  </testcase> <!-- @AfterMethod quit -->
  <testcase name="login" time="0.0" classname="TESTCASES.LoginTest">
    <skipped/>
  </testcase> <!-- login -->
</testsuite> <!-- Login Test -->
