<?xml version="1.0" encoding="UTF-8"?>
<!-- Generated by org.testng.reporters.JUnitXMLReporter -->
<testsuite hostname="LAPTOP-LF1A2HGL" ignored="0" name="registrationtest" tests="1" failures="0" timestamp="2022-04-21T10:13:30 IST" time="0.01" errors="0">
  <testcase name="@BeforeMethod initialise" time="0.0" classname="TESTCASES.RegistrationTEST$LoginTest">
    <failure type="java.lang.Error" message="Unresolved compilation problem: 
	ExtentManager cannot be resolved
">
      <![CDATA[java.lang.Error: Unresolved compilation problem: 
ExtentManager cannot be resolved

at TESTCASES.RegistrationTEST$LoginTest.initialise(RegistrationTEST.java:22)
at java.util.ArrayList.forEach(ArrayList.java:1257)
... Removed 31 stack frames]]>
    </failure>
  </testcase> <!-- @BeforeMethod initialise -->
  <testcase name="@AfterMethod quit" time="-1.650516210979E9" classname="TESTCASES.RegistrationTEST$LoginTest">
    <skipped/>
  </testcase> <!-- @AfterMethod quit -->
  <testcase name="Registration" time="0.0" classname="TESTCASES.RegistrationTEST$LoginTest">
    <skipped/>
  </testcase> <!-- Registration -->
</testsuite> <!-- registrationtest -->
