<?xml version="1.0" encoding="UTF-8"?>
<!-- Generated by org.testng.reporters.JUnitXMLReporter -->
<testsuite hostname="LAPTOP-LF1A2HGL" ignored="1" name="CreateBookingTest-- Apply discount-pay@Hotel" tests="5" failures="0" timestamp="2022-05-24T19:53:39 IST" time="0.103" errors="0">
  <testcase name="searchHotel" time="0.008" classname="TestCases.BookingSearch"/>
  <testcase name="selectHotel" time="0.0" classname="TestCases.BookingSearch"/>
  <testcase name="entetGuestInfo" time="0.001" classname="TestCases.BookingSearch"/>
  <testcase name="applyDiscount" time="0.0" classname="TestCases.PaymentManager"/>
  <testcase name="makePayment" time="0.001" classname="TestCases.PaymentManager"/>
  <testcase name="LoadBooking" time="0.0" classname="TestCases.BookingSearch">
    <ignored/>
  </testcase> <!-- LoadBooking -->
</testsuite> <!-- CreateBookingTest- Apply discount-pay@Hotel -->
