<?xml version="1.0" encoding="UTF-8"?>
<!-- Generated by org.testng.reporters.JUnitXMLReporter -->
<testsuite hostname="LAPTOP-LF1A2HGL" ignored="2" name="CreateBookingTest-- no discount-pay@Hotel" tests="4" failures="0" timestamp="2022-05-24T19:53:39 IST" time="0.005" errors="0">
  <testcase name="searchHotel" time="0.001" classname="TestCases.BookingSearch"/>
  <testcase name="selectHotel" time="0.0" classname="TestCases.BookingSearch"/>
  <testcase name="entetGuestInfo" time="0.0" classname="TestCases.BookingSearch"/>
  <testcase name="makePayment" time="0.001" classname="TestCases.PaymentManager"/>
  <testcase name="applyDiscount" time="0.0" classname="TestCases.PaymentManager">
    <ignored/>
  </testcase> <!-- applyDiscount -->
  <testcase name="LoadBooking" time="0.0" classname="TestCases.BookingSearch">
    <ignored/>
  </testcase> <!-- LoadBooking -->
</testsuite> <!-- CreateBookingTest- no discount-pay@Hotel -->
