<?xml version="1.0" encoding="UTF-8"?>
<!-- Generated by org.testng.reporters.JUnitXMLReporter -->
<testsuite hostname="LAPTOP-LF1A2HGL" ignored="0" name="TestAA" tests="2" failures="2" timestamp="2022-04-22T15:04:03 IST" time="0.12" errors="0">
  <testcase name="testAA" time="0.021" classname="suiteA.TestAA">
    <failure type="java.lang.NullPointerException">
      <![CDATA[java.lang.NullPointerException
at BaseTest.BaseTest.log(BaseTest.java:42)
at suiteA.TestAA.testAA(TestAA.java:13)
at java.util.ArrayList.forEach(ArrayList.java:1257)
... Removed 28 stack frames]]>
    </failure>
  </testcase> <!-- testAA -->
  <testcase name="testAA" time="0.087" classname="suiteA.TestAA">
    <failure type="java.lang.NullPointerException">
      <![CDATA[java.lang.NullPointerException
at Listener.CustomListener.onTestFailure(CustomListener.java:17)
at java.util.ArrayList.forEach(ArrayList.java:1257)
... Removed 25 stack frames]]>
    </failure>
  </testcase> <!-- testAA -->
</testsuite> <!-- TestAA -->
