<?xml version="1.0" encoding="UTF-8"?>
<!-- Generated by org.testng.reporters.JUnitXMLReporter -->
<testsuite hostname="LAPTOP-LF1A2HGL" ignored="0" name="TestA" tests="2" failures="2" timestamp="2022-04-22T15:06:40 IST" time="0.143" errors="0">
  <testcase name="testA" time="0.022" classname="suiteA.TestA">
    <failure type="java.lang.NullPointerException">
      <![CDATA[java.lang.NullPointerException
at BaseTest.BaseTest.log(BaseTest.java:42)
at suiteA.TestA.testA(TestA.java:16)
at java.util.ArrayList.forEach(ArrayList.java:1257)
... Removed 28 stack frames]]>
    </failure>
  </testcase> <!-- testA -->
  <testcase name="testA" time="0.088" classname="suiteA.TestA">
    <failure type="java.lang.NullPointerException">
      <![CDATA[java.lang.NullPointerException
at Listener.CustomListener.onTestFailure(CustomListener.java:17)
at java.util.ArrayList.forEach(ArrayList.java:1257)
... Removed 25 stack frames]]>
    </failure>
  </testcase> <!-- testA -->
</testsuite> <!-- TestA -->
