<?xml version="1.0" encoding="UTF-8"?>
<!-- Generated by org.testng.reporters.JUnitXMLReporter -->
<testsuite hostname="LAPTOP-LF1A2HGL" ignored="2" name="Default test" tests="1" failures="0" timestamp="2022-05-31T17:14:00 IST" time="7.793" errors="0">
  <testcase name="doLogin" time="6.807" classname="TestCases.rediff.session"/>
  <testcase name="selectportfolio" time="0.0" classname="TestCases.rediff.session">
    <ignored/>
  </testcase> <!-- selectportfolio -->
  <testcase name="doLogout" time="0.0" classname="TestCases.rediff.session">
    <ignored/>
  </testcase> <!-- doLogout -->
</testsuite> <!-- Default test -->
