<?xml version="1.0" encoding="UTF-8"?>
<!-- Generated by org.testng.reporters.JUnitXMLReporter -->
<testsuite hostname="LAPTOP-LF1A2HGL" ignored="1" name="CreateBookingTest-- Apply discount-InstantPayment" tests="6" failures="0" timestamp="2022-05-24T10:51:16 IST" time="0.026" errors="0">
  <testcase name="searchHotel" time="0.002" classname="TestCases.BookingSearch"/>
  <testcase name="selectHotel" time="0.002" classname="TestCases.BookingSearch"/>
  <testcase name="entetGuestInfo" time="0.001" classname="TestCases.BookingSearch"/>
  <testcase name="applyDiscount" time="0.002" classname="TestCases.PaymentManager"/>
  <testcase name="makePayment" time="0.002" classname="TestCases.PaymentManager"/>
  <testcase name="checkEmail" time="0.001" classname="TestCases.CustomerCommunications"/>
  <testcase name="LoadBooking" time="0.0" classname="TestCases.BookingSearch">
    <ignored/>
  </testcase> <!-- LoadBooking -->
</testsuite> <!-- CreateBookingTest- Apply discount-InstantPayment -->
