<?xml version="1.0" encoding="UTF-8"?>
<!-- Generated by org.testng.reporters.JUnitXMLReporter -->
<testsuite hostname="LAPTOP-LF1A2HGL" ignored="1" name="ModifyBookingTest-- Apply discount-pay@Hotel" tests="6" failures="0" timestamp="2022-05-24T10:51:16 IST" time="0.031" errors="0">
  <testcase name="LoadBooking" time="0.001" classname="TestCases.BookingSearch"/>
  <testcase name="selectHotel" time="0.005" classname="TestCases.BookingSearch"/>
  <testcase name="entetGuestInfo" time="0.002" classname="TestCases.BookingSearch"/>
  <testcase name="applyDiscount" time="0.002" classname="TestCases.PaymentManager"/>
  <testcase name="makePayment" time="0.001" classname="TestCases.PaymentManager"/>
  <testcase name="checkEmail" time="0.003" classname="TestCases.CustomerCommunications"/>
  <testcase name="searchHotel" time="0.0" classname="TestCases.BookingSearch">
    <ignored/>
  </testcase> <!-- searchHotel -->
</testsuite> <!-- ModifyBookingTest- Apply discount-pay@Hotel -->
