<?xml version="1.0" encoding="UTF-8"?>
<!-- Generated by org.testng.reporters.JUnitXMLReporter -->
<testsuite hostname="LAPTOP-LF1A2HGL" ignored="4" name="Create Portfolio Test" tests="2" failures="2" timestamp="2022-05-28T20:17:31 IST" time="9.177" errors="0">
  <testcase name="doLogin" time="6.94" classname="TestCases.rediff.session">
    <failure type="java.lang.AssertionError" message="The following asserts failed:
	First failure- non critical">
      <![CDATA[java.lang.AssertionError: The following asserts failed:
First failure- non critical
at KeyWords.GenericKeyWords.assertAll(GenericKeyWords.java:187)
at TestCases.rediff.session.doLogin(session.java:25)
at java.util.ArrayList.forEach(ArrayList.java:1257)
... Removed 29 stack frames]]>
    </failure>
  </testcase> <!-- doLogin -->
  <testcase name="CreatePortfolio" time="0.285" classname="TestCases.rediff.portfolioManagement">
    <failure type="java.lang.AssertionError" message="The following asserts failed:
	First failure- non critical,
	some non critical failure">
      <![CDATA[java.lang.AssertionError: The following asserts failed:
First failure- non critical,
some non critical failure
at KeyWords.GenericKeyWords.assertAll(GenericKeyWords.java:187)
at TestCases.rediff.portfolioManagement.CreatePortfolio(portfolioManagement.java:18)
at java.util.ArrayList.forEach(ArrayList.java:1257)
... Removed 29 stack frames]]>
    </failure>
  </testcase> <!-- CreatePortfolio -->
  <testcase name="@AfterTest quiT" time="0.0" classname="TestBase.BaseTest">
    <ignored/>
  </testcase> <!-- @AfterTest quiT -->
  <testcase name="deletePortfolio" time="0.0" classname="TestCases.rediff.portfolioManagement">
    <ignored/>
  </testcase> <!-- deletePortfolio -->
  <testcase name="@BeforeTest beforeTest" time="0.0" classname="TestBase.BaseTest">
    <ignored/>
  </testcase> <!-- @BeforeTest beforeTest -->
  <testcase name="doLogout" time="0.0" classname="TestCases.rediff.session">
    <ignored/>
  </testcase> <!-- doLogout -->
</testsuite> <!-- Create Portfolio Test -->
