<?xml version="1.0" encoding="UTF-8"?>
<!-- Generated by org.testng.reporters.JUnitXMLReporter -->
<testsuite hostname="LAPTOP-LF1A2HGL" ignored="11" name="add Stocks" tests="3" failures="1" timestamp="2022-06-01T13:40:09 IST" time="14.838" errors="0">
  <testcase name="doLogin" time="6.838" classname="TestCases.rediff.session"/>
  <testcase name="selectportfolio" time="7.097" classname="TestCases.rediff.session"/>
  <testcase name="addStock" time="0.003" classname="TestCases.rediff.stockManagement">
    <failure type="java.lang.Error" message="Unresolved compilation problem: 
	The method selectDateFromCalendar(String) in the type GenericKeyWords is not applicable for the arguments ()
">
      <![CDATA[java.lang.Error: Unresolved compilation problem: 
The method selectDateFromCalendar(String) in the type GenericKeyWords is not applicable for the arguments ()

at TestCases.rediff.stockManagement.addStock(stockManagement.java:26)
at java.util.ArrayList.forEach(ArrayList.java:1257)
... Removed 27 stack frames]]>
    </failure>
  </testcase> <!-- addStock -->
  <testcase name="@AfterTest quiT" time="0.0" classname="TestBase.BaseTest">
    <ignored/>
  </testcase> <!-- @AfterTest quiT -->
  <testcase name="goToCompany" time="0.0" classname="TestCases.rediff.stockManagement">
    <ignored/>
  </testcase> <!-- goToCompany -->
  <testcase name="buyTheStock" time="0.0" classname="TestCases.rediff.stockManagement">
    <ignored/>
  </testcase> <!-- buyTheStock -->
  <testcase name="quantityAfterModification" time="0.0" classname="TestCases.rediff.stockManagement">
    <ignored/>
  </testcase> <!-- quantityAfterModification -->
  <testcase name="verifyTransactionHistory" time="0.0" classname="TestCases.rediff.stockManagement">
    <ignored/>
  </testcase> <!-- verifyTransactionHistory -->
  <testcase name="sellTheStock" time="0.0" classname="TestCases.rediff.stockManagement">
    <ignored/>
  </testcase> <!-- sellTheStock -->
  <testcase name="@BeforeTest beforeTest" time="0.0" classname="TestBase.BaseTest">
    <ignored/>
  </testcase> <!-- @BeforeTest beforeTest -->
  <testcase name="doLogout" time="0.0" classname="TestCases.rediff.session">
    <ignored/>
  </testcase> <!-- doLogout -->
  <testcase name="modifyStock" time="0.0" classname="TestCases.rediff.stockManagement">
    <ignored/>
  </testcase> <!-- modifyStock -->
  <testcase name="verifyQuantity" time="0.0" classname="TestCases.rediff.stockManagement">
    <ignored/>
  </testcase> <!-- verifyQuantity -->
  <testcase name="verifyStockInList" time="0.0" classname="TestCases.rediff.stockManagement">
    <ignored/>
  </testcase> <!-- verifyStockInList -->
</testsuite> <!-- add Stocks -->
