<?xml version="1.0" encoding="UTF-8"?>
<!-- Generated by org.testng.reporters.JUnitXMLReporter -->
<testsuite hostname="LAPTOP-LF1A2HGL" ignored="11" name="Buy Stocks" tests="3" failures="0" timestamp="2022-06-01T14:33:43 IST" time="42.658" errors="0">
  <testcase name="doLogin" time="6.468" classname="TestCases.rediff.session"/>
  <testcase name="selectportfolio" time="5.332" classname="TestCases.rediff.session"/>
  <testcase name="buyTheStock" time="29.282" classname="TestCases.rediff.stockManagement"/>
  <testcase name="@AfterTest quiT" time="0.0" classname="TestBase.BaseTest">
    <ignored/>
  </testcase> <!-- @AfterTest quiT -->
  <testcase name="goToCompany" time="0.0" classname="TestCases.rediff.stockManagement">
    <ignored/>
  </testcase> <!-- goToCompany -->
  <testcase name="quantityAfterModification" time="0.0" classname="TestCases.rediff.stockManagement">
    <ignored/>
  </testcase> <!-- quantityAfterModification -->
  <testcase name="verifyTransactionHistory" time="0.0" classname="TestCases.rediff.stockManagement">
    <ignored/>
  </testcase> <!-- verifyTransactionHistory -->
  <testcase name="sellTheStock" time="0.0" classname="TestCases.rediff.stockManagement">
    <ignored/>
  </testcase> <!-- sellTheStock -->
  <testcase name="@BeforeTest beforeTest" time="0.0" classname="TestBase.BaseTest">
    <ignored/>
  </testcase> <!-- @BeforeTest beforeTest -->
  <testcase name="doLogout" time="0.0" classname="TestCases.rediff.session">
    <ignored/>
  </testcase> <!-- doLogout -->
  <testcase name="addStock" time="0.0" classname="TestCases.rediff.stockManagement">
    <ignored/>
  </testcase> <!-- addStock -->
  <testcase name="modifyStock" time="0.0" classname="TestCases.rediff.stockManagement">
    <ignored/>
  </testcase> <!-- modifyStock -->
  <testcase name="verifyQuantity" time="0.0" classname="TestCases.rediff.stockManagement">
    <ignored/>
  </testcase> <!-- verifyQuantity -->
  <testcase name="verifyStockInList" time="0.0" classname="TestCases.rediff.stockManagement">
    <ignored/>
  </testcase> <!-- verifyStockInList -->
</testsuite> <!-- Buy Stocks -->
