<?xml version="1.0" encoding="UTF-8"?>
<testng-results skipped="0" failed="0" ignored="11" total="14" passed="3">
  <reporter-output>
  </reporter-output>
  <suite name="suite" duration-ms="42658" started-at="2022-06-01T14:33:00 IST" finished-at="2022-06-01T14:33:43 IST">
    <groups>
    </groups>
    <test name="Buy Stocks" duration-ms="42658" started-at="2022-06-01T14:33:00 IST" finished-at="2022-06-01T14:33:43 IST">
      <class name="TestCases.rediff.session">
        <test-method status="PASS" signature="beforeTest(org.testng.ITestContext)[pri:0, instance:TestCases.rediff.session@670b40af]" name="beforeTest" is-config="true" duration-ms="649" started-at="2022-06-01T14:33:00 IST" finished-at="2022-06-01T14:33:01 IST">
          <params>
            <param index="0">
              <value>
                <![CDATA[org.testng.TestRunner@217ed35e]]>
              </value>
            </param>
          </params>
          <reporter-output>
          </reporter-output>
        </test-method> <!-- beforeTest -->
        <test-method status="PASS" signature="beforeMethod(org.testng.ITestContext)[pri:0, instance:TestCases.rediff.session@670b40af]" name="beforeMethod" is-config="true" duration-ms="1" started-at="2022-06-01T14:33:01 IST" finished-at="2022-06-01T14:33:01 IST">
          <params>
            <param index="0">
              <value>
                <![CDATA[org.testng.TestRunner@217ed35e]]>
              </value>
            </param>
          </params>
          <reporter-output>
          </reporter-output>
        </test-method> <!-- beforeMethod -->
        <test-method status="PASS" signature="doLogin(org.testng.ITestContext)[pri:0, instance:TestCases.rediff.session@670b40af]" name="doLogin" duration-ms="6468" started-at="2022-06-01T14:33:01 IST" finished-at="2022-06-01T14:33:08 IST">
          <params>
            <param index="0">
              <value>
                <![CDATA[org.testng.TestRunner@217ed35e]]>
              </value>
            </param>
          </params>
          <reporter-output>
          </reporter-output>
        </test-method> <!-- doLogin -->
        <test-method status="PASS" signature="beforeMethod(org.testng.ITestContext)[pri:0, instance:TestCases.rediff.session@670b40af]" name="beforeMethod" is-config="true" duration-ms="1" started-at="2022-06-01T14:33:08 IST" finished-at="2022-06-01T14:33:08 IST">
          <params>
            <param index="0">
              <value>
                <![CDATA[org.testng.TestRunner@217ed35e]]>
              </value>
            </param>
          </params>
          <reporter-output>
          </reporter-output>
        </test-method> <!-- beforeMethod -->
        <test-method status="PASS" signature="selectportfolio()[pri:0, instance:TestCases.rediff.session@670b40af]" name="selectportfolio" duration-ms="5332" started-at="2022-06-01T14:33:08 IST" finished-at="2022-06-01T14:33:13 IST">
          <reporter-output>
          </reporter-output>
        </test-method> <!-- selectportfolio -->
        <test-method status="PASS" signature="quiT()[pri:0, instance:TestCases.rediff.session@670b40af]" name="quiT" is-config="true" duration-ms="835" started-at="2022-06-01T14:33:42 IST" finished-at="2022-06-01T14:33:43 IST">
          <reporter-output>
          </reporter-output>
        </test-method> <!-- quiT -->
      </class> <!-- TestCases.rediff.session -->
      <class name="TestCases.rediff.stockManagement">
        <test-method status="PASS" signature="buyTheStock()[pri:0, instance:TestCases.rediff.stockManagement@371a67ec]" name="buyTheStock" duration-ms="29282" started-at="2022-06-01T14:33:13 IST" finished-at="2022-06-01T14:33:42 IST">
          <reporter-output>
          </reporter-output>
        </test-method> <!-- buyTheStock -->
        <test-method status="PASS" signature="beforeMethod(org.testng.ITestContext)[pri:0, instance:TestCases.rediff.stockManagement@371a67ec]" name="beforeMethod" is-config="true" duration-ms="0" started-at="2022-06-01T14:33:13 IST" finished-at="2022-06-01T14:33:13 IST">
          <params>
            <param index="0">
              <value>
                <![CDATA[org.testng.TestRunner@217ed35e]]>
              </value>
            </param>
          </params>
          <reporter-output>
          </reporter-output>
        </test-method> <!-- beforeMethod -->
      </class> <!-- TestCases.rediff.stockManagement -->
    </test> <!-- Buy Stocks -->
  </suite> <!-- suite -->
</testng-results>
